16:14:14 :: DEBUG :: |
|
16:14:14 :: DEBUG :: inspector answers
16:14:14 :: DEBUG :: question type ----- select character
16:14:14 :: DEBUG :: data -------------- [{'color': 'brown', 'suspect': True, 'position': 2, 'power': False}, {'color': 'pink', 'suspect': True, 'position': 8, 'power': False}, {'color': 'black', 'suspect': True, 'position': 1, 'power': False}]
16:14:14 :: DEBUG :: response index ---- 1
16:14:14 :: DEBUG :: response ---------- {'color': 'pink', 'suspect': True, 'position': 8, 'power': False}
16:14:14 :: DEBUG :: |
|
16:14:14 :: DEBUG :: inspector answers
16:14:14 :: DEBUG :: question type ----- select position
16:14:14 :: DEBUG :: data -------------- [4, 5]
16:14:14 :: DEBUG :: response index ---- 1
16:14:14 :: DEBUG :: response ---------- 5
16:14:14 :: DEBUG :: |
|
16:14:14 :: DEBUG :: inspector answers
16:14:14 :: DEBUG :: question type ----- select character
16:14:14 :: DEBUG :: data -------------- [{'color': 'brown', 'suspect': True, 'position': 2, 'power': False}, {'color': 'black', 'suspect': True, 'position': 1, 'power': False}]
16:14:14 :: DEBUG :: response index ---- 1
16:14:14 :: DEBUG :: response ---------- {'color': 'black', 'suspect': True, 'position': 1, 'power': False}
16:14:14 :: DEBUG :: |
|
16:14:14 :: DEBUG :: inspector answers
16:14:14 :: DEBUG :: question type ----- select position
16:14:14 :: DEBUG :: data -------------- [0, 2]
16:14:14 :: DEBUG :: response index ---- 1
16:14:14 :: DEBUG :: response ---------- 2
16:14:14 :: DEBUG :: |
|
16:14:14 :: DEBUG :: inspector answers
16:14:14 :: DEBUG :: question type ----- activate black power
16:14:14 :: DEBUG :: data -------------- [0, 1]
16:14:14 :: DEBUG :: response index ---- 1
16:14:14 :: DEBUG :: response ---------- 1
16:14:14 :: DEBUG :: |
|
16:14:14 :: DEBUG :: inspector answers
16:14:14 :: DEBUG :: question type ----- select character
16:14:14 :: DEBUG :: data -------------- [{'color': 'white', 'suspect': False, 'position': 2, 'power': False}, {'color': 'grey', 'suspect': True, 'position': 9, 'power': False}, {'color': 'red', 'suspect': True, 'position': 0, 'power': False}, {'color': 'purple', 'suspect': False, 'position': 2, 'power': False}]
16:14:14 :: DEBUG :: response index ---- 1
16:14:14 :: DEBUG :: response ---------- {'color': 'grey', 'suspect': True, 'position': 9, 'power': False}
16:14:14 :: DEBUG :: |
|
16:14:14 :: DEBUG :: inspector answers
16:14:14 :: DEBUG :: question type ----- select position
16:14:14 :: DEBUG :: data -------------- [7]
16:14:14 :: DEBUG :: response index ---- 0
16:14:14 :: DEBUG :: response ---------- 7
16:14:14 :: DEBUG :: |
|
16:14:14 :: DEBUG :: inspector answers
16:14:14 :: DEBUG :: question type ----- grey character power
16:14:14 :: DEBUG :: data -------------- [0, 1, 2, 3, 4, 5, 6, 7, 8]
16:14:14 :: DEBUG :: response index ---- 1
16:14:14 :: DEBUG :: response ---------- 1
16:14:14 :: DEBUG :: |
|
16:14:14 :: DEBUG :: inspector answers
16:14:14 :: DEBUG :: question type ----- select character
16:14:14 :: DEBUG :: data -------------- [{'color': 'red', 'suspect': True, 'position': 0, 'power': False}]
16:14:14 :: DEBUG :: response index ---- 0
16:14:14 :: DEBUG :: response ---------- {'color': 'red', 'suspect': True, 'position': 0, 'power': False}
16:14:14 :: DEBUG :: |
|
16:14:14 :: DEBUG :: inspector answers
16:14:14 :: DEBUG :: question type ----- select position
16:14:14 :: DEBUG :: data -------------- [1, 4]
16:14:14 :: DEBUG :: response index ---- 1
16:14:14 :: DEBUG :: response ---------- 4
16:14:14 :: DEBUG :: |
|
16:14:14 :: DEBUG :: inspector answers
16:14:14 :: DEBUG :: question type ----- select character
16:14:14 :: DEBUG :: data -------------- [{'color': 'grey', 'suspect': False, 'position': 7, 'power': False}, {'color': 'black', 'suspect': False, 'position': 2, 'power': False}, {'color': 'purple', 'suspect': False, 'position': 4, 'power': False}]
16:14:14 :: DEBUG :: response index ---- 1
16:14:14 :: DEBUG :: response ---------- {'color': 'black', 'suspect': False, 'position': 2, 'power': False}
16:14:14 :: DEBUG :: |
|
16:14:14 :: DEBUG :: inspector answers
16:14:14 :: DEBUG :: question type ----- select position
16:14:14 :: DEBUG :: data -------------- [0, 1, 2, 3, 4, 6, 7, 9]
16:14:14 :: DEBUG :: response index ---- 1
16:14:14 :: DEBUG :: response ---------- 1
16:14:14 :: DEBUG :: |
|
16:14:14 :: DEBUG :: inspector answers
16:14:14 :: DEBUG :: question type ----- activate black power
16:14:14 :: DEBUG :: data -------------- [0, 1]
16:14:14 :: DEBUG :: response index ---- 1
16:14:14 :: DEBUG :: response ---------- 1
16:14:14 :: DEBUG :: |
|
16:14:14 :: DEBUG :: inspector answers
16:14:14 :: DEBUG :: question type ----- select character
16:14:14 :: DEBUG :: data -------------- [{'color': 'grey', 'suspect': False, 'position': 7, 'power': False}, {'color': 'purple', 'suspect': False, 'position': 4, 'power': False}]
16:14:14 :: DEBUG :: response index ---- 1
16:14:14 :: DEBUG :: response ---------- {'color': 'purple', 'suspect': False, 'position': 4, 'power': False}
16:14:14 :: DEBUG :: |
|
16:14:14 :: DEBUG :: inspector answers
16:14:14 :: DEBUG :: question type ----- activate purple power
16:14:14 :: DEBUG :: data -------------- [0, 1]
16:14:14 :: DEBUG :: response index ---- 1
16:14:14 :: DEBUG :: response ---------- 1
16:14:14 :: DEBUG :: |
|
16:14:14 :: DEBUG :: inspector answers
16:14:14 :: DEBUG :: question type ----- purple character power
16:14:14 :: DEBUG :: data -------------- ['blue', 'grey', 'white', 'black', 'brown', 'pink', 'red']
16:14:14 :: DEBUG :: response index ---- 1
16:14:14 :: DEBUG :: response ---------- grey
